[0m[[0m[0mdebug[0m] [0m[0m> Exec(run, Some(94f6d5f6-83dc-41ca-99aa-4d5d3632ad15), Some(CommandSource(console0)))[0m
[0m[[0m[0mdebug[0m] [0m[0mEvaluating tasks: Compile / run[0m
[0m[[0m[0mdebug[0m] [0m[0mRunning task... Cancel: Signal, check cycles: false, forcegc: true[0m
[0m[[0m[0minfo[0m] [0m[0mcompiling 6 Scala sources to /home/student/git_workspace/US-crime-G343/prosjekt_m4/target/scala-2.12/classes ...[0m
[0m[[0m[31merror[0m] [0m[0m/home/student/git_workspace/US-crime-G343/prosjekt_m4/hent_mongo_simple.scala:17:8: MongoGetPostTest is already defined as object MongoGetPostTest[0m
[0m[[0m[31merror[0m] [0m[0mobject MongoGetPostTest extends App {[0m
[0m[[0m[31merror[0m] [0m[0m       ^[0m
[0m[[0m[31merror[0m] [0m[0m/home/student/git_workspace/US-crime-G343/prosjekt_m4/oppdatermongo.scala:17:8: MongoGetPostTest is already defined as object MongoGetPostTest[0m
[0m[[0m[31merror[0m] [0m[0mobject MongoGetPostTest extends App {[0m
[0m[[0m[31merror[0m] [0m[0m       ^[0m
[0m[[0m[31merror[0m] [0m[0m/home/student/git_workspace/US-crime-G343/prosjekt_m4/postmongo.scala:15:8: MongoGetPostTest is already defined as object MongoGetPostTest[0m
[0m[[0m[31merror[0m] [0m[0mobject MongoGetPostTest extends App {[0m
[0m[[0m[31merror[0m] [0m[0m       ^[0m
[0m[[0m[31merror[0m] [0m[0m/home/student/git_workspace/US-crime-G343/prosjekt_m4/slettmongo.scala:17:8: MongoGetPostTest is already defined as object MongoGetPostTest[0m
[0m[[0m[31merror[0m] [0m[0mobject MongoGetPostTest extends App {[0m
[0m[[0m[31merror[0m] [0m[0m       ^[0m
[0m[[0m[31merror[0m] [0m[0mfour errors found[0m
[0m[[0m[31merror[0m] [0m[0m(Compile / [31mcompileIncremental[0m) Compilation failed[0m
[0m[[0m[31merror[0m] [0m[0mTotal time: 0 s, completed Nov 3, 2021, 10:32:14 AM[0m
[0m[[0m[0mdebug[0m] [0m[0m> Exec(shell, None, None)[0m
[0m[[0m[0mdebug[0m] [0m[0mForcing garbage collection...[0m
